<?xml version="1.0" encoding="UTF-8"?>
<!-- Generated by org.testng.reporters.JUnitXMLReporter -->
<testsuite ignored="0" hostname="Sivaram" failures="0" tests="8" name="Default test" time="15.069" errors="0" timestamp="2022-11-07T10:15:40 IST">
  <testcase classname="Testing.Testcls" name="clickline" time="0.096"/>
  <testcase classname="Testing.Testcls" name="horizontal" time="1.289"/>
  <testcase classname="Testing.Testcls" name="verticalline" time="1.325"/>
  <testcase classname="Testing.Testcls" name="clickrecatngle" time="0.09"/>
  <testcase classname="Testing.Testcls" name="drawrrectangle" time="0.505"/>
  <testcase classname="Testing.Testcls" name="recangledrwaing" time="0.497"/>
  <testcase classname="Testing.Testcls" name="clickeraser" time="0.598"/>
  <testcase classname="Testing.Testcls" name="erasehorizontalline" time="1.352"/>
</testsuite> <!-- Default test -->
