<?xml version="1.0" encoding="UTF-8"?>
<testng-results ignored="0" total="8" passed="8" failed="0" skipped="0">
  <reporter-output>
  </reporter-output>
  <suite started-at="2022-11-07T10:15:25 IST" name="Default suite" finished-at="2022-11-07T10:15:40 IST" duration-ms="15069">
    <groups>
    </groups>
    <test started-at="2022-11-07T10:15:25 IST" name="Default test" finished-at="2022-11-07T10:15:40 IST" duration-ms="15069">
      <class name="Testing.Testcls">
        <test-method is-config="true" signature="init()[pri:0, instance:Testing.Testcls@565f390]" started-at="2022-11-07T10:15:25 IST" name="init" finished-at="2022-11-07T10:15:34 IST" duration-ms="9062" status="PASS">
          <reporter-output>
          </reporter-output>
        </test-method> <!-- init -->
        <test-method signature="clickline()[pri:1, instance:Testing.Testcls@565f390]" started-at="2022-11-07T10:15:34 IST" name="clickline" finished-at="2022-11-07T10:15:34 IST" duration-ms="96" status="PASS">
          <reporter-output>
          </reporter-output>
        </test-method> <!-- clickline -->
        <test-method signature="horizontal()[pri:2, instance:Testing.Testcls@565f390]" started-at="2022-11-07T10:15:34 IST" name="horizontal" finished-at="2022-11-07T10:15:35 IST" duration-ms="1289" status="PASS">
          <reporter-output>
          </reporter-output>
        </test-method> <!-- horizontal -->
        <test-method signature="verticalline()[pri:2, instance:Testing.Testcls@565f390]" started-at="2022-11-07T10:15:35 IST" name="verticalline" finished-at="2022-11-07T10:15:36 IST" duration-ms="1325" status="PASS">
          <reporter-output>
          </reporter-output>
        </test-method> <!-- verticalline -->
        <test-method signature="clickrecatngle()[pri:3, instance:Testing.Testcls@565f390]" started-at="2022-11-07T10:15:36 IST" name="clickrecatngle" finished-at="2022-11-07T10:15:36 IST" duration-ms="90" status="PASS">
          <reporter-output>
          </reporter-output>
        </test-method> <!-- clickrecatngle -->
        <test-method signature="drawrrectangle()[pri:4, instance:Testing.Testcls@565f390]" started-at="2022-11-07T10:15:36 IST" name="drawrrectangle" finished-at="2022-11-07T10:15:37 IST" duration-ms="505" status="PASS">
          <reporter-output>
          </reporter-output>
        </test-method> <!-- drawrrectangle -->
        <test-method signature="recangledrwaing()[pri:5, instance:Testing.Testcls@565f390]" started-at="2022-11-07T10:15:37 IST" name="recangledrwaing" finished-at="2022-11-07T10:15:37 IST" duration-ms="497" status="PASS">
          <reporter-output>
          </reporter-output>
        </test-method> <!-- recangledrwaing -->
        <test-method signature="clickeraser()[pri:6, instance:Testing.Testcls@565f390]" started-at="2022-11-07T10:15:37 IST" name="clickeraser" finished-at="2022-11-07T10:15:38 IST" duration-ms="598" status="PASS">
          <reporter-output>
          </reporter-output>
        </test-method> <!-- clickeraser -->
        <test-method signature="erasehorizontalline()[pri:7, instance:Testing.Testcls@565f390]" started-at="2022-11-07T10:15:38 IST" name="erasehorizontalline" finished-at="2022-11-07T10:15:39 IST" duration-ms="1352" status="PASS">
          <reporter-output>
          </reporter-output>
        </test-method> <!-- erasehorizontalline -->
        <test-method is-config="true" signature="teardown()[pri:0, instance:Testing.Testcls@565f390]" started-at="2022-11-07T10:15:39 IST" name="teardown" finished-at="2022-11-07T10:15:40 IST" duration-ms="198" status="PASS">
          <reporter-output>
          </reporter-output>
        </test-method> <!-- teardown -->
      </class> <!-- Testing.Testcls -->
    </test> <!-- Default test -->
  </suite> <!-- Default suite -->
</testng-results>
